<?xml version="1.0" encoding="UTF-8"?>
<library version="3.0" xmlns="http://www.netbeans.org/ns/library-declaration/3">
    <name>junit_4</name>
    <type>j2se</type>
    <localizing-bundle>org.netbeans.modules.junitlib.Bundle</localizing-bundle>
    <volume>
        <type>classpath</type>
        <resource>jar:nbinst://org.netbeans.libs.junit4/modules/ext/junit-4.12.jar!/</resource>
    </volume>
    <volume>
        <type>javadoc</type>
        <resource>jar:nbinst://org.netbeans.modules.junitlib/docs/junit-4.12-javadoc.jar!/</resource>
    </volume>
    <volume>
        <type>src</type>
        <resource>jar:nbinst://org.netbeans.modules.junitlib/docs/junit-4.12-sources.jar!/</resource>
    </volume>
    <properties>
        <!-- please check with mkleint@netbeans.org before/after updating this or "classpath" section -->
        <property>
            <name>maven-dependencies</name>
            <value>junit:junit:4.12:jar</value>
        </property>
    </properties>    
</library>
